
--- SESSION STARTED: 2026-02-07T23:08:15+02:00 ---
[23:08:15] INFO: Loaded existing context index with 31 nodes
--- SESSION ENDED: 2026-02-07T23:08:26+02:00 ---

--- SESSION STARTED: 2026-02-07T23:08:50+02:00 ---
[23:08:50] INFO: Loaded existing context index with 31 nodes
[23:08:58] INFO: Arrakis: Task complexity estimated at 1 (This is merely a greeting message; no code, logic, or architectural change is required.)
[23:08:58] INFO: Arrakis: Amplifying task...
[23:08:59] INFO: Arrakis: Task complexity estimated at 1 (This is a simple request for a static list of safety rules; no code, design, or multi-file changes are required—just a concise reminder.)
[23:08:59] INFO: Arrakis: Amplifying task...
[23:09:00] INFO: Arrakis Executing Tool: write_file
[23:09:00] INFO: Arrakis Executing Tool: bash
[23:09:01] INFO: Arrakis Executing Tool: write_file
[23:09:02] INFO: Arrakis Executing Tool: write_file
[23:09:17] INFO: Arrakis: Task complexity estimated at 1 (The task is a single-word greeting with no specified technical requirement, file change, or logic to implement.)
[23:09:17] INFO: Arrakis: Amplifying task...
[23:09:18] INFO: Arrakis Executing Tool: arrakis
[23:09:18] INFO: Arrakis: Task complexity estimated at 1 (The task is a simple greeting and request for user input—no code, no architecture, no logic to implement.)
[23:09:18] INFO: Arrakis: Amplifying task...

--- SESSION STARTED: 2026-02-07T23:09:42+02:00 ---
[23:09:42] INFO: Loaded existing context index with 31 nodes
[23:10:24] INFO: Arrakis: Task complexity estimated at 1 (The /help command is a simple request for information with no code changes, architecture impact, or multi-file involvement.)
[23:10:24] INFO: Arrakis: Amplifying task...
[23:10:24] INFO: Arrakis Executing Tool: arrakis
[23:10:25] INFO: Arrakis: Task complexity estimated at 2 (The request is a simple clarification question—no code changes, no architecture shifts, just a single-sentence answer.)
[23:10:25] INFO: Arrakis: Amplifying task...
[23:10:25] INFO: Arrakis Executing Tool: arrakis
[23:10:25] INFO: Arrakis: Task complexity estimated at 1 (The task is a simple clarifying question requiring no code, architecture, or multi-file work—just a direct answer.)
[23:10:25] INFO: Arrakis: Amplifying task...
[23:10:26] INFO: Arrakis Executing Tool: arrakis
[23:10:27] INFO: Arrakis: Task complexity estimated at 1 (The request is a simple question asking what tools are available; it requires no code changes, architecture shifts, or multi-file work—just an informational response.)
[23:10:27] INFO: Arrakis: Amplifying task...
[23:10:27] INFO: Arrakis Executing Tool: arrakis
[23:10:28] INFO: Arrakis: Task complexity estimated at 2 (Listing available tools is a straightforward query operation—likely a single function call or file read—requiring no architecture changes, minimal logic, and no decomposition.)
[23:10:28] INFO: Arrakis: Amplifying task...
[23:10:29] INFO: Arrakis Executing Tool: arrakis
[23:10:29] INFO: Arrakis: Task complexity estimated at 2 (Summarizing available tools is a straightforward documentation or listing task that requires no code changes, architecture shifts, or multi-file logic—just gathering and presenting information.)
[23:10:29] INFO: Arrakis: Amplifying task...
[23:10:30] INFO: Arrakis Executing Tool: list_dir
[23:10:30] INFO: Arrakis Executing Tool: list_dir
[23:10:33] INFO: Arrakis Executing Tool: arrakis
[23:10:34] INFO: Arrakis: Task complexity estimated at 1 (The task is simply to list available tools—no code changes, no architecture, and no multi-file work involved.)
[23:10:34] INFO: Arrakis: Amplifying task...
[23:10:34] INFO: Arrakis Executing Tool: list_dir
[23:10:34] INFO: Arrakis Executing Tool: list_dir
[23:10:34] INFO: Arrakis Executing Tool: list_dir
[23:10:38] INFO: Arrakis Executing Tool: arrakis
[23:10:39] INFO: Arrakis: Task complexity estimated at 1 (The task is a simple question asking for the primary requirement for completion; it needs no code change, no files, and no logic beyond stating a single fact.)
[23:10:39] INFO: Arrakis: Amplifying task...
--- SESSION ENDED: 2026-02-07T23:10:41+02:00 ---

--- SESSION STARTED: 2026-02-07T23:11:17+02:00 ---
[23:11:17] INFO: Loaded existing context index with 31 nodes
[23:12:23] INFO: Arrakis: Task complexity estimated at 2 (The task is to generate and verify Fibonacci numbers up to 80—a single, self-contained calculation with no architectural impact, file changes, or complex logic.)
[23:12:23] INFO: Arrakis: Amplifying task...
[23:12:23] INFO: Arrakis Executing Tool: arrakis
[23:12:24] INFO: Arrakis: Task complexity estimated at 2 (Single-function script with trivial control flow and no external dependencies; the only issues are indentation and a misplaced return statement, both quick fixes.)
[23:12:24] INFO: Arrakis: Amplifying task...
[23:12:25] INFO: Arrakis Executing Tool: grep_file
[23:12:25] INFO: Arrakis Executing Tool: write_file
[23:12:26] INFO: Arrakis Executing Tool: write_file
[23:12:28] INFO: Arrakis Executing Tool: arrakis
[23:12:29] INFO: Arrakis: Task complexity estimated at 3 (Single-file script: open a log file, define a small fibonacci generator, write the sequence to the file. No architecture changes or cross-file dependencies.)
[23:12:29] INFO: Arrakis: Amplifying task...
[23:12:30] INFO: Arrakis Executing Tool: bash
[23:12:32] INFO: Arrakis Executing Tool: write_file
[23:12:33] INFO: Arrakis Executing Tool: write_file
[23:12:33] INFO: Arrakis Executing Tool: bash
[23:12:37] INFO: Arrakis Executing Tool: list_dir
[23:12:38] INFO: Arrakis Executing Tool: list_dir
[23:12:39] INFO: Arrakis Executing Tool: list_dir
[23:12:40] INFO: Arrakis Executing Tool: write_file
[23:12:41] INFO: Arrakis Executing Tool: write_file
